<?xml version="1.0" encoding="UTF-8"?>
<!-- Generated by org.testng.reporters.JUnitXMLReporter -->
<testsuite ignored="0" hostname="DESKTOP-RAPIJ62" failures="0" tests="3" name="Default test" time="29.761" errors="0" timestamp="2023-10-28T12:46:58 IST">
  <testcase classname="tests.SearchTest4WithDP" name="googleSearchPageTitleTest" time="9.002"/>
  <testcase classname="tests.SearchTest4WithDP" name="googleSearchPageTitleTest" time="11.182"/>
  <testcase classname="tests.SearchTest4WithDP" name="googleSearchPageTitleTest" time="9.508"/>
</testsuite> <!-- Default test -->
