<?xml version="1.0" encoding="UTF-8"?>
<!-- Generated by org.testng.reporters.JUnitXMLReporter -->
<testsuite hostname="KALAMSIR-PC" ignored="1" name="Tests(failed)(failed)" tests="2" failures="1" timestamp="2021-12-18T11:59:56 IST" time="0.053" errors="0">
  <testcase name="openbrowser" time="0.007" classname="practicetestng.TestngDummy6"/>
  <testcase name="login" time="0.004" classname="practicetestng.TestngDummy6">
    <failure type="java.lang.AssertionError" message="null">
      <![CDATA[java.lang.AssertionError: null
at practicetestng.TestngDummy6.login(TestngDummy6.java:18)
at java.util.ArrayList.forEach(ArrayList.java:1249)
... Removed 29 stack frames]]>
    </failure>
  </testcase> <!-- login -->
  <testcase name="sendMail" time="0.0" classname="practicetestng.TestngDummy6">
    <ignored/>
  </testcase> <!-- sendMail -->
</testsuite> <!-- Tests(failed)(failed) -->
