<?xml version="1.0" encoding="UTF-8"?>
<!-- Generated by org.testng.reporters.JUnitXMLReporter -->
<testsuite hostname="KALAMSIR-PC" ignored="0" name="Iteration4" tests="4" failures="0" timestamp="2021-06-27T10:55:37 IST" time="26.585" errors="0">
  <testcase name="launch" time="13.849" classname="tests.LoginTest4WithXml"/>
  <testcase name="uidTest" time="5.898" classname="tests.LoginTest4WithXml"/>
  <testcase name="pwdTest" time="5.918" classname="tests.LoginTest4WithXml"/>
  <testcase name="close" time="0.863" classname="tests.LoginTest4WithXml"/>
</testsuite> <!-- Iteration4 -->
