<?xml version="1.0" encoding="UTF-8"?>
<!-- Generated by org.testng.reporters.JUnitXMLReporter -->
<testsuite hostname="KALAMSIR-PC" ignored="0" name="Tests" tests="10" failures="0" timestamp="2021-12-12T15:38:23 IST" time="0.062" errors="0">
  <testcase name="testmethod" time="0.006" classname="practicetestng.TestngDummy8"/>
  <testcase name="testmethod" time="0.001" classname="practicetestng.TestngDummy8"/>
  <testcase name="testmethod" time="0.003" classname="practicetestng.TestngDummy8"/>
  <testcase name="testmethod1" time="0.001" classname="practicetestng.TestngDummy9"/>
  <testcase name="testmethod1" time="0.001" classname="practicetestng.TestngDummy9"/>
  <testcase name="testmethod1" time="0.001" classname="practicetestng.TestngDummy9"/>
  <testcase name="testmethod2" time="0.001" classname="practicetestng.TestngDummy9"/>
  <testcase name="testmethod2" time="0.0" classname="practicetestng.TestngDummy9"/>
  <testcase name="testmethod2" time="0.001" classname="practicetestng.TestngDummy9"/>
  <testcase name="testmethod2" time="0.001" classname="practicetestng.TestngDummy9"/>
</testsuite> <!-- Tests -->
