<?xml version="1.0" encoding="UTF-8"?>
<!-- Generated by org.testng.reporters.JUnitXMLReporter -->
<testsuite hostname="KALAMSIR-PC" ignored="0" name="Test" tests="3" failures="1" timestamp="2021-12-18T13:27:01 IST" time="0.067" errors="0">
  <testcase name="method1" time="0.021" classname="practicetestng.TestngDummy21"/>
  <testcase name="method2" time="0.002" classname="practicetestng.TestngDummy21">
    <failure type="java.lang.AssertionError" message="expected [true] but found [false]">
      <![CDATA[java.lang.AssertionError: expected [true] but found [false]
at practicetestng.TestngDummy21.method2(TestngDummy21.java:19)
at java.util.ArrayList.forEach(ArrayList.java:1249)
... Removed 31 stack frames]]>
    </failure>
  </testcase> <!-- method2 -->
  <testcase name="method3" time="0.0" classname="practicetestng.TestngDummy21">
    <skipped/>
  </testcase> <!-- method3 -->
</testsuite> <!-- Test -->
