<?xml version="1.0" encoding="UTF-8"?>
<!-- Generated by org.testng.reporters.JUnitXMLReporter -->
<testsuite hostname="KALAMSIR-PC" ignored="0" name="Test4" tests="4" failures="0" timestamp="2021-01-08T21:49:01 IST" time="16.946" errors="0">
  <testcase name="launch" time="5.749" classname="tests.LoginTestWithXml"/>
  <testcase name="uidTest" time="5.329" classname="tests.LoginTestWithXml"/>
  <testcase name="pwdTest" time="5.264" classname="tests.LoginTestWithXml"/>
  <testcase name="close" time="0.599" classname="tests.LoginTestWithXml"/>
</testsuite> <!-- Test4 -->
