<?xml version="1.0" encoding="UTF-8"?>
<testng-results ignored="0" total="3" passed="3" failed="0" skipped="0">
  <reporter-output>
    <line>
      <![CDATA[Google home page title test passed<br>]]>
    </line>
    <line>
      <![CDATA[Google home page title test passed<br>]]>
    </line>
    <line>
      <![CDATA[Google home page title test passed<br>]]>
    </line>
  </reporter-output>
  <suite started-at="2023-10-28T12:56:53 IST" name="Suite" finished-at="2023-10-28T12:57:07 IST" duration-ms="14894">
    <groups>
    </groups>
    <test started-at="2023-10-28T12:56:53 IST" name="Iteration1" finished-at="2023-10-28T12:56:56 IST" duration-ms="3508">
      <class name="tests.SearchTest5WithXml">
        <test-method signature="launch(java.lang.String,java.lang.String)[pri:1, instance:tests.SearchTest5WithXml@6892b3b6]" started-at="2023-10-28T12:56:53 IST" name="launch" finished-at="2023-10-28T12:56:56 IST" duration-ms="3446" status="PASS">
          <params>
            <param index="0">
              <value>
                <![CDATA[chrome]]>
              </value>
            </param>
            <param index="1">
              <value>
                <![CDATA[magnitiait]]>
              </value>
            </param>
          </params>
          <reporter-output>
            <line>
              <![CDATA[Google home page title test passed<br>]]>
            </line>
          </reporter-output>
        </test-method> <!-- launch -->
      </class> <!-- tests.SearchTest5WithXml -->
    </test> <!-- Iteration1 -->
    <test started-at="2023-10-28T12:56:56 IST" name="Iteration2" finished-at="2023-10-28T12:57:03 IST" duration-ms="7177">
      <class name="tests.SearchTest5WithXml">
        <test-method signature="launch(java.lang.String,java.lang.String)[pri:1, instance:tests.SearchTest5WithXml@7ce026d3]" started-at="2023-10-28T12:56:56 IST" name="launch" finished-at="2023-10-28T12:57:03 IST" duration-ms="7159" status="PASS">
          <params>
            <param index="0">
              <value>
                <![CDATA[firefox]]>
              </value>
            </param>
            <param index="1">
              <value>
                <![CDATA[abdul kalam]]>
              </value>
            </param>
          </params>
          <reporter-output>
            <line>
              <![CDATA[Google home page title test passed<br>]]>
            </line>
          </reporter-output>
        </test-method> <!-- launch -->
      </class> <!-- tests.SearchTest5WithXml -->
    </test> <!-- Iteration2 -->
    <test started-at="2023-10-28T12:57:03 IST" name="Iteration3" finished-at="2023-10-28T12:57:07 IST" duration-ms="4119">
      <class name="tests.SearchTest5WithXml">
        <test-method signature="launch(java.lang.String,java.lang.String)[pri:1, instance:tests.SearchTest5WithXml@1750fbeb]" started-at="2023-10-28T12:57:03 IST" name="launch" finished-at="2023-10-28T12:57:07 IST" duration-ms="4116" status="PASS">
          <params>
            <param index="0">
              <value>
                <![CDATA[edge]]>
              </value>
            </param>
            <param index="1">
              <value>
                <![CDATA[steve jobs]]>
              </value>
            </param>
          </params>
          <reporter-output>
            <line>
              <![CDATA[Google home page title test passed<br>]]>
            </line>
          </reporter-output>
        </test-method> <!-- launch -->
      </class> <!-- tests.SearchTest5WithXml -->
    </test> <!-- Iteration3 -->
  </suite> <!-- Suite -->
</testng-results>
